This is pdfTeX, Version 3.1415926-2.5-1.40.14 (TeX Live 2013/Debian) (format=pdflatex 2016.1.11)  26 JUN 2016 22:41
entering extended mode
 restricted \write18 enabled.
 %&-line parsing enabled.
**Dynamical-Systems.tex
(./Dynamical-Systems.tex
LaTeX2e <2011/06/27>
Babel <3.9h> and hyphenation patterns for 78 languages loaded.
(/usr/share/texlive/texmf-dist/tex/latex/base/article.cls
Document Class: article 2007/10/19 v1.4h Standard LaTeX document class
(/usr/share/texlive/texmf-dist/tex/latex/base/size10.clo
File: size10.clo 2007/10/19 v1.4h Standard LaTeX file (size option)
)
\c@part=\count79
\c@section=\count80
\c@subsection=\count81
\c@subsubsection=\count82
\c@paragraph=\count83
\c@subparagraph=\count84
\c@figure=\count85
\c@table=\count86
\abovecaptionskip=\skip41
\belowcaptionskip=\skip42
\bibindent=\dimen102
)
(/usr/share/texlive/texmf-dist/tex/latex/amsmath/amsmath.sty
Package: amsmath 2013/01/14 v2.14 AMS math features
\@mathmargin=\skip43

For additional information on amsmath, use the `?' option.
(/usr/share/texlive/texmf-dist/tex/latex/amsmath/amstext.sty
Package: amstext 2000/06/29 v2.01

(/usr/share/texlive/texmf-dist/tex/latex/amsmath/amsgen.sty
File: amsgen.sty 1999/11/30 v2.0
\@emptytoks=\toks14
\ex@=\dimen103
))
(/usr/share/texlive/texmf-dist/tex/latex/amsmath/amsbsy.sty
Package: amsbsy 1999/11/29 v1.2d
\pmbraise@=\dimen104
)
(/usr/share/texlive/texmf-dist/tex/latex/amsmath/amsopn.sty
Package: amsopn 1999/12/14 v2.01 operator names
)
\inf@bad=\count87
LaTeX Info: Redefining \frac on input line 210.
\uproot@=\count88
\leftroot@=\count89
LaTeX Info: Redefining \overline on input line 306.
\classnum@=\count90
\DOTSCASE@=\count91
LaTeX Info: Redefining \ldots on input line 378.
LaTeX Info: Redefining \dots on input line 381.
LaTeX Info: Redefining \cdots on input line 466.
\Mathstrutbox@=\box26
\strutbox@=\box27
\big@size=\dimen105
LaTeX Font Info:    Redeclaring font encoding OML on input line 566.
LaTeX Font Info:    Redeclaring font encoding OMS on input line 567.
\macc@depth=\count92
\c@MaxMatrixCols=\count93
\dotsspace@=\muskip10
\c@parentequation=\count94
\dspbrk@lvl=\count95
\tag@help=\toks15
\row@=\count96
\column@=\count97
\maxfields@=\count98
\andhelp@=\toks16
\eqnshift@=\dimen106
\alignsep@=\dimen107
\tagshift@=\dimen108
\tagwidth@=\dimen109
\totwidth@=\dimen110
\lineht@=\dimen111
\@envbody=\toks17
\multlinegap=\skip44
\multlinetaggap=\skip45
\mathdisplay@stack=\toks18
LaTeX Info: Redefining \[ on input line 2665.
LaTeX Info: Redefining \] on input line 2666.
)
(/usr/share/texlive/texmf-dist/tex/latex/amscls/amsthm.sty
Package: amsthm 2004/08/06 v2.20
\thm@style=\toks19
\thm@bodyfont=\toks20
\thm@headfont=\toks21
\thm@notefont=\toks22
\thm@headpunct=\toks23
\thm@preskip=\skip46
\thm@postskip=\skip47
\thm@headsep=\skip48
\dth@everypar=\toks24
)
(/usr/share/texlive/texmf-dist/tex/latex/mh/empheq.sty
Package: empheq 2013/02/12 v2.13 Emphasizing equations

(/usr/share/texlive/texmf-dist/tex/latex/mh/mhsetup.sty
Package: mhsetup 2010/01/21 v1.2a programming setup (MH)
)
(/usr/share/texlive/texmf-dist/tex/latex/mh/mathtools.sty
Package: mathtools 2013/02/12 v1.13 mathematical typesetting tools

(/usr/share/texlive/texmf-dist/tex/latex/graphics/keyval.sty
Package: keyval 1999/03/16 v1.13 key=value parser (DPC)
\KV@toks@=\toks25
)
(/usr/share/texlive/texmf-dist/tex/latex/tools/calc.sty
Package: calc 2007/08/22 v4.3 Infix arithmetic (KKT,FJ)
\calc@Acount=\count99
\calc@Bcount=\count100
\calc@Adimen=\dimen112
\calc@Bdimen=\dimen113
\calc@Askip=\skip49
\calc@Bskip=\skip50
LaTeX Info: Redefining \setlength on input line 76.
LaTeX Info: Redefining \addtolength on input line 77.
\calc@Ccount=\count101
\calc@Cskip=\skip51
)
LaTeX Info: Thecontrolsequence`\['isalreadyrobust on input line 129.
LaTeX Info: Thecontrolsequence`\]'isalreadyrobust on input line 129.
\g_MT_multlinerow_int=\count102
\l_MT_multwidth_dim=\dimen114
\origjot=\skip52
\l_MT_shortvdotswithinadjustabove_dim=\dimen115
\l_MT_shortvdotswithinadjustbelow_dim=\dimen116
\l_MT_above_intertext_sep=\dimen117
\l_MT_below_intertext_sep=\dimen118
\l_MT_above_shortintertext_sep=\dimen119
\l_MT_below_shortintertext_sep=\dimen120
)
\l_EQ_equationtype_int=\count103
\l_EQ_alignmentmode_int=\count104
\l_EQ_totalwidth_dim=\dimen121
\l_EQ_displaywidth_dim=\dimen122
\l_EQ_temp_linewidth_dim=\dimen123
\EmphEqdelimitershortfall=\dimen124
\EmphEqdelimiterfactor=\count105
\g_EQ_toptag_height_dim=\dimen125
\g_EQ_bottomtag_depth_dim=\dimen126
\g_EQ_toprow_height_dim=\dimen127
\g_EQ_bottomrow_depth_dim=\dimen128
\g_EQ_widesttag_dim=\dimen129
\EQ_mathdisplay_box=\box28
\EQ_tag_box=\box29
\g_EQ_temprow_int=\count106
)
(/usr/share/texlive/texmf-dist/tex/latex/graphics/graphicx.sty
Package: graphicx 1999/02/16 v1.0f Enhanced LaTeX Graphics (DPC,SPQR)

(/usr/share/texlive/texmf-dist/tex/latex/graphics/graphics.sty
Package: graphics 2009/02/05 v1.0o Standard LaTeX Graphics (DPC,SPQR)

(/usr/share/texlive/texmf-dist/tex/latex/graphics/trig.sty
Package: trig 1999/03/16 v1.09 sin cos tan (DPC)
)
(/usr/share/texlive/texmf-dist/tex/latex/latexconfig/graphics.cfg
File: graphics.cfg 2010/04/23 v1.9 graphics configuration of TeX Live
)
Package graphics Info: Driver file: pdftex.def on input line 91.

(/usr/share/texlive/texmf-dist/tex/latex/pdftex-def/pdftex.def
File: pdftex.def 2011/05/27 v0.06d Graphics/color for pdfTeX

(/usr/share/texlive/texmf-dist/tex/generic/oberdiek/infwarerr.sty
Package: infwarerr 2010/04/08 v1.3 Providing info/warning/error messages (HO)
)
(/usr/share/texlive/texmf-dist/tex/generic/oberdiek/ltxcmds.sty
Package: ltxcmds 2011/11/09 v1.22 LaTeX kernel commands for general use (HO)
)
\Gread@gobject=\count107
))
\Gin@req@height=\dimen130
\Gin@req@width=\dimen131
)
(/usr/share/texlive/texmf-dist/tex/latex/tools/bm.sty
Package: bm 2004/02/26 v1.1c Bold Symbol Support (DPC/FMi)
\symboldoperators=\mathgroup4
\symboldletters=\mathgroup5
\symboldsymbols=\mathgroup6
LaTeX Font Info:    Redeclaring math alphabet \mathbf on input line 138.
LaTeX Info: Redefining \bm on input line 204.
)
(/usr/share/texlive/texmf-dist/tex/latex/framed/framed.sty
Package: framed 2011/10/22 v 0.96: framed or shaded text with page breaks
\OuterFrameSep=\skip53
\fb@frw=\dimen132
\fb@frh=\dimen133
\FrameRule=\dimen134
\FrameSep=\dimen135
)
(/usr/share/texlive/texmf-dist/tex/latex/tools/enumerate.sty
Package: enumerate 1999/03/05 v3.00 enumerate extensions (DPC)
\@enLab=\toks26
)
(/usr/share/texlive/texmf-dist/tex/latex/tools/array.sty
Package: array 2008/09/09 v2.4c Tabular extension package (FMi)
\col@sep=\dimen136
\extrarowheight=\dimen137
\NC@list=\toks27
\extratabsurround=\skip54
\backup@length=\skip55
)
(/usr/share/texmf/tex/latex/pgf/frontendlayer/tikz.sty
(/usr/share/texmf/tex/latex/pgf/basiclayer/pgf.sty
(/usr/share/texmf/tex/latex/pgf/utilities/pgfrcs.sty
(/usr/share/texmf/tex/generic/pgf/utilities/pgfutil-common.tex
\pgfutil@everybye=\toks28
)
(/usr/share/texmf/tex/generic/pgf/utilities/pgfutil-latex.def
\pgfutil@abb=\box30

(/usr/share/texlive/texmf-dist/tex/latex/ms/everyshi.sty
Package: everyshi 2001/05/15 v3.00 EveryShipout Package (MS)
))
(/usr/share/texmf/tex/generic/pgf/utilities/pgfrcs.code.tex
Package: pgfrcs 2010/10/25 v2.10 (rcs-revision 1.24)
))
Package: pgf 2008/01/15 v2.10 (rcs-revision 1.12)

(/usr/share/texmf/tex/latex/pgf/basiclayer/pgfcore.sty
(/usr/share/texmf/tex/latex/pgf/systemlayer/pgfsys.sty
(/usr/share/texmf/tex/generic/pgf/systemlayer/pgfsys.code.tex
Package: pgfsys 2010/06/30 v2.10 (rcs-revision 1.37)

(/usr/share/texmf/tex/generic/pgf/utilities/pgfkeys.code.tex
\pgfkeys@pathtoks=\toks29
\pgfkeys@temptoks=\toks30

(/usr/share/texmf/tex/generic/pgf/utilities/pgfkeysfiltered.code.tex
\pgfkeys@tmptoks=\toks31
))
\pgf@x=\dimen138
\pgf@y=\dimen139
\pgf@xa=\dimen140
\pgf@ya=\dimen141
\pgf@xb=\dimen142
\pgf@yb=\dimen143
\pgf@xc=\dimen144
\pgf@yc=\dimen145
\w@pgf@writea=\write3
\r@pgf@reada=\read1
\c@pgf@counta=\count108
\c@pgf@countb=\count109
\c@pgf@countc=\count110
\c@pgf@countd=\count111

(/usr/share/texmf/tex/generic/pgf/systemlayer/pgf.cfg
File: pgf.cfg 2008/05/14  (rcs-revision 1.7)
)
Package pgfsys Info: Driver file for pgf: pgfsys-pdftex.def on input line 900.

(/usr/share/texmf/tex/generic/pgf/systemlayer/pgfsys-pdftex.def
File: pgfsys-pdftex.def 2009/05/22  (rcs-revision 1.26)

(/usr/share/texmf/tex/generic/pgf/systemlayer/pgfsys-common-pdf.def
File: pgfsys-common-pdf.def 2008/05/19  (rcs-revision 1.10)
)))
(/usr/share/texmf/tex/generic/pgf/systemlayer/pgfsyssoftpath.code.tex
File: pgfsyssoftpath.code.tex 2008/07/18  (rcs-revision 1.7)
\pgfsyssoftpath@smallbuffer@items=\count112
\pgfsyssoftpath@bigbuffer@items=\count113
)
(/usr/share/texmf/tex/generic/pgf/systemlayer/pgfsysprotocol.code.tex
File: pgfsysprotocol.code.tex 2006/10/16  (rcs-revision 1.4)
))
(/usr/share/texmf/tex/latex/xcolor/xcolor.sty
Package: xcolor 2007/01/21 v2.11 LaTeX color extensions (UK)

(/usr/share/texlive/texmf-dist/tex/latex/latexconfig/color.cfg
File: color.cfg 2007/01/18 v1.5 color configuration of teTeX/TeXLive
)
Package xcolor Info: Driver file: pdftex.def on input line 225.
Package xcolor Info: Model `cmy' substituted by `cmy0' on input line 1337.
Package xcolor Info: Model `hsb' substituted by `rgb' on input line 1341.
Package xcolor Info: Model `RGB' extended on input line 1353.
Package xcolor Info: Model `HTML' substituted by `rgb' on input line 1355.
Package xcolor Info: Model `Hsb' substituted by `hsb' on input line 1356.
Package xcolor Info: Model `tHsb' substituted by `hsb' on input line 1357.
Package xcolor Info: Model `HSB' substituted by `hsb' on input line 1358.
Package xcolor Info: Model `Gray' substituted by `gray' on input line 1359.
Package xcolor Info: Model `wave' substituted by `hsb' on input line 1360.
)
(/usr/share/texmf/tex/generic/pgf/basiclayer/pgfcore.code.tex
Package: pgfcore 2010/04/11 v2.10 (rcs-revision 1.7)

(/usr/share/texmf/tex/generic/pgf/math/pgfmath.code.tex
(/usr/share/texmf/tex/generic/pgf/math/pgfmathcalc.code.tex
(/usr/share/texmf/tex/generic/pgf/math/pgfmathutil.code.tex)
(/usr/share/texmf/tex/generic/pgf/math/pgfmathparser.code.tex
\pgfmath@dimen=\dimen146
\pgfmath@count=\count114
\pgfmath@box=\box31
\pgfmath@toks=\toks32
\pgfmath@stack@operand=\toks33
\pgfmath@stack@operation=\toks34
)
(/usr/share/texmf/tex/generic/pgf/math/pgfmathfunctions.code.tex
(/usr/share/texmf/tex/generic/pgf/math/pgfmathfunctions.basic.code.tex)
(/usr/share/texmf/tex/generic/pgf/math/pgfmathfunctions.trigonometric.code.tex)
(/usr/share/texmf/tex/generic/pgf/math/pgfmathfunctions.random.code.tex)
(/usr/share/texmf/tex/generic/pgf/math/pgfmathfunctions.comparison.code.tex)
(/usr/share/texmf/tex/generic/pgf/math/pgfmathfunctions.base.code.tex)
(/usr/share/texmf/tex/generic/pgf/math/pgfmathfunctions.round.code.tex)
(/usr/share/texmf/tex/generic/pgf/math/pgfmathfunctions.misc.code.tex)))
(/usr/share/texmf/tex/generic/pgf/math/pgfmathfloat.code.tex
\c@pgfmathroundto@lastzeros=\count115
))
(/usr/share/texmf/tex/generic/pgf/basiclayer/pgfcorepoints.code.tex
File: pgfcorepoints.code.tex 2010/04/09  (rcs-revision 1.20)
\pgf@picminx=\dimen147
\pgf@picmaxx=\dimen148
\pgf@picminy=\dimen149
\pgf@picmaxy=\dimen150
\pgf@pathminx=\dimen151
\pgf@pathmaxx=\dimen152
\pgf@pathminy=\dimen153
\pgf@pathmaxy=\dimen154
\pgf@xx=\dimen155
\pgf@xy=\dimen156
\pgf@yx=\dimen157
\pgf@yy=\dimen158
\pgf@zx=\dimen159
\pgf@zy=\dimen160
)
(/usr/share/texmf/tex/generic/pgf/basiclayer/pgfcorepathconstruct.code.tex
File: pgfcorepathconstruct.code.tex 2010/08/03  (rcs-revision 1.24)
\pgf@path@lastx=\dimen161
\pgf@path@lasty=\dimen162
)
(/usr/share/texmf/tex/generic/pgf/basiclayer/pgfcorepathusage.code.tex
File: pgfcorepathusage.code.tex 2008/04/22  (rcs-revision 1.12)
\pgf@shorten@end@additional=\dimen163
\pgf@shorten@start@additional=\dimen164
)
(/usr/share/texmf/tex/generic/pgf/basiclayer/pgfcorescopes.code.tex
File: pgfcorescopes.code.tex 2010/09/08  (rcs-revision 1.34)
\pgfpic=\box32
\pgf@hbox=\box33
\pgf@layerbox@main=\box34
\pgf@picture@serial@count=\count116
)
(/usr/share/texmf/tex/generic/pgf/basiclayer/pgfcoregraphicstate.code.tex
File: pgfcoregraphicstate.code.tex 2008/04/22  (rcs-revision 1.9)
\pgflinewidth=\dimen165
)
(/usr/share/texmf/tex/generic/pgf/basiclayer/pgfcoretransformations.code.tex
File: pgfcoretransformations.code.tex 2009/06/10  (rcs-revision 1.11)
\pgf@pt@x=\dimen166
\pgf@pt@y=\dimen167
\pgf@pt@temp=\dimen168
)
(/usr/share/texmf/tex/generic/pgf/basiclayer/pgfcorequick.code.tex
File: pgfcorequick.code.tex 2008/10/09  (rcs-revision 1.3)
)
(/usr/share/texmf/tex/generic/pgf/basiclayer/pgfcoreobjects.code.tex
File: pgfcoreobjects.code.tex 2006/10/11  (rcs-revision 1.2)
)
(/usr/share/texmf/tex/generic/pgf/basiclayer/pgfcorepathprocessing.code.tex
File: pgfcorepathprocessing.code.tex 2008/10/09  (rcs-revision 1.8)
)
(/usr/share/texmf/tex/generic/pgf/basiclayer/pgfcorearrows.code.tex
File: pgfcorearrows.code.tex 2008/04/23  (rcs-revision 1.11)
)
(/usr/share/texmf/tex/generic/pgf/basiclayer/pgfcoreshade.code.tex
File: pgfcoreshade.code.tex 2008/11/23  (rcs-revision 1.13)
\pgf@max=\dimen169
\pgf@sys@shading@range@num=\count117
)
(/usr/share/texmf/tex/generic/pgf/basiclayer/pgfcoreimage.code.tex
File: pgfcoreimage.code.tex 2010/03/25  (rcs-revision 1.16)

(/usr/share/texmf/tex/generic/pgf/basiclayer/pgfcoreexternal.code.tex
File: pgfcoreexternal.code.tex 2010/09/01  (rcs-revision 1.17)
\pgfexternal@startupbox=\box35
))
(/usr/share/texmf/tex/generic/pgf/basiclayer/pgfcorelayers.code.tex
File: pgfcorelayers.code.tex 2010/08/27  (rcs-revision 1.2)
)
(/usr/share/texmf/tex/generic/pgf/basiclayer/pgfcoretransparency.code.tex
File: pgfcoretransparency.code.tex 2008/01/17  (rcs-revision 1.2)
)
(/usr/share/texmf/tex/generic/pgf/basiclayer/pgfcorepatterns.code.tex
File: pgfcorepatterns.code.tex 2009/07/02  (rcs-revision 1.3)
)))
(/usr/share/texmf/tex/generic/pgf/modules/pgfmoduleshapes.code.tex
File: pgfmoduleshapes.code.tex 2010/09/09  (rcs-revision 1.13)
\pgfnodeparttextbox=\box36
)
(/usr/share/texmf/tex/generic/pgf/modules/pgfmoduleplot.code.tex
File: pgfmoduleplot.code.tex 2010/10/22  (rcs-revision 1.8)
)
(/usr/share/texmf/tex/latex/pgf/compatibility/pgfcomp-version-0-65.sty
Package: pgfcomp-version-0-65 2007/07/03 v2.10 (rcs-revision 1.7)
\pgf@nodesepstart=\dimen170
\pgf@nodesepend=\dimen171
)
(/usr/share/texmf/tex/latex/pgf/compatibility/pgfcomp-version-1-18.sty
Package: pgfcomp-version-1-18 2007/07/23 v2.10 (rcs-revision 1.1)
))
(/usr/share/texmf/tex/latex/pgf/utilities/pgffor.sty
(/usr/share/texmf/tex/latex/pgf/utilities/pgfkeys.sty
(/usr/share/texmf/tex/generic/pgf/utilities/pgfkeys.code.tex))
(/usr/share/texmf/tex/generic/pgf/utilities/pgffor.code.tex
Package: pgffor 2010/03/23 v2.10 (rcs-revision 1.18)
\pgffor@iter=\dimen172
\pgffor@skip=\dimen173
\pgffor@stack=\toks35
\pgffor@toks=\toks36
))
(/usr/share/texmf/tex/generic/pgf/frontendlayer/tikz/tikz.code.tex
Package: tikz 2010/10/13 v2.10 (rcs-revision 1.76)

(/usr/share/texmf/tex/generic/pgf/libraries/pgflibraryplothandlers.code.tex
File: pgflibraryplothandlers.code.tex 2010/05/31 v2.10 (rcs-revision 1.15)
\pgf@plot@mark@count=\count118
\pgfplotmarksize=\dimen174
)
\tikz@lastx=\dimen175
\tikz@lasty=\dimen176
\tikz@lastxsaved=\dimen177
\tikz@lastysaved=\dimen178
\tikzleveldistance=\dimen179
\tikzsiblingdistance=\dimen180
\tikz@figbox=\box37
\tikz@tempbox=\box38
\tikztreelevel=\count119
\tikznumberofchildren=\count120
\tikznumberofcurrentchild=\count121
\tikz@fig@count=\count122

(/usr/share/texmf/tex/generic/pgf/modules/pgfmodulematrix.code.tex
File: pgfmodulematrix.code.tex 2010/08/24  (rcs-revision 1.4)
\pgfmatrixcurrentrow=\count123
\pgfmatrixcurrentcolumn=\count124
\pgf@matrix@numberofcolumns=\count125
)
\tikz@expandcount=\count126

(/usr/share/texmf/tex/generic/pgf/frontendlayer/tikz/libraries/tikzlibrarytopat
hs.code.tex
File: tikzlibrarytopaths.code.tex 2008/06/17 v2.10 (rcs-revision 1.2)
))) (/usr/share/texlive/texmf-dist/tex/latex/caption/caption.sty
Package: caption 2013/05/02 v3.3-89 Customizing captions (AR)

(/usr/share/texlive/texmf-dist/tex/latex/caption/caption3.sty
Package: caption3 2013/05/02 v1.6-88 caption3 kernel (AR)
Package caption3 Info: TeX engine: e-TeX on input line 57.
\captionmargin=\dimen181
\captionmargin@=\dimen182
\captionwidth=\dimen183
\caption@tempdima=\dimen184
\caption@indent=\dimen185
\caption@parindent=\dimen186
\caption@hangindent=\dimen187
)
\c@ContinuedFloat=\count127
)
(/usr/share/texlive/texmf-dist/tex/latex/amsfonts/amsfonts.sty
Package: amsfonts 2013/01/14 v3.01 Basic AMSFonts support
\symAMSa=\mathgroup7
\symAMSb=\mathgroup8
LaTeX Font Info:    Overwriting math alphabet `\mathfrak' in version `bold'
(Font)                  U/euf/m/n --> U/euf/b/n on input line 106.
)
(/usr/share/texlive/texmf-dist/tex/latex/geometry/geometry.sty
Package: geometry 2010/09/12 v5.6 Page Geometry

(/usr/share/texlive/texmf-dist/tex/generic/oberdiek/ifpdf.sty
Package: ifpdf 2011/01/30 v2.3 Provides the ifpdf switch (HO)
Package ifpdf Info: pdfTeX in PDF mode is detected.
)
(/usr/share/texlive/texmf-dist/tex/generic/oberdiek/ifvtex.sty
Package: ifvtex 2010/03/01 v1.5 Detect VTeX and its facilities (HO)
Package ifvtex Info: VTeX not detected.
)
(/usr/share/texlive/texmf-dist/tex/generic/ifxetex/ifxetex.sty
Package: ifxetex 2010/09/12 v0.6 Provides ifxetex conditional
)
\Gm@cnth=\count128
\Gm@cntv=\count129
\c@Gm@tempcnt=\count130
\Gm@bindingoffset=\dimen188
\Gm@wd@mp=\dimen189
\Gm@odd@mp=\dimen190
\Gm@even@mp=\dimen191
\Gm@layoutwidth=\dimen192
\Gm@layoutheight=\dimen193
\Gm@layouthoffset=\dimen194
\Gm@layoutvoffset=\dimen195
\Gm@dimlist=\toks37
)
(/usr/share/texlive/texmf-dist/tex/latex/float/float.sty
Package: float 2001/11/08 v1.3d Float enhancements (AL)
\c@float@type=\count131
\float@exts=\toks38
\float@box=\box39
\@float@everytoks=\toks39
\@floatcapt=\box40
)
(/usr/share/texmf/tex/generic/pgf/frontendlayer/tikz/libraries/tikzlibraryarrow
s.code.tex
File: tikzlibraryarrows.code.tex 2008/01/09 v2.10 (rcs-revision 1.1)

(/usr/share/texmf/tex/generic/pgf/libraries/pgflibraryarrows.code.tex
File: pgflibraryarrows.code.tex 2008/10/27 v2.10 (rcs-revision 1.9)
\arrowsize=\dimen196
))
(./Dynamical-Systems.aux)
\openout1 = `Dynamical-Systems.aux'.

LaTeX Font Info:    Checking defaults for OML/cmm/m/it on input line 34.
LaTeX Font Info:    ... okay on input line 34.
LaTeX Font Info:    Checking defaults for T1/cmr/m/n on input line 34.
LaTeX Font Info:    ... okay on input line 34.
LaTeX Font Info:    Checking defaults for OT1/cmr/m/n on input line 34.
LaTeX Font Info:    ... okay on input line 34.
LaTeX Font Info:    Checking defaults for OMS/cmsy/m/n on input line 34.
LaTeX Font Info:    ... okay on input line 34.
LaTeX Font Info:    Checking defaults for OMX/cmex/m/n on input line 34.
LaTeX Font Info:    ... okay on input line 34.
LaTeX Font Info:    Checking defaults for U/cmr/m/n on input line 34.
LaTeX Font Info:    ... okay on input line 34.
\Hy@linkcounter=\count132

(/usr/share/texlive/texmf-dist/tex/context/base/supp-pdf.mkii
[Loading MPS to PDF converter (version 2006.09.02).]
\scratchcounter=\count133
\scratchdimen=\dimen197
\scratchbox=\box41
\nofMPsegments=\count134
\nofMParguments=\count135
\everyMPshowfont=\toks40
\MPscratchCnt=\count136
\MPscratchDim=\dimen198
\MPnumerator=\count137
\makeMPintoPDFobject=\count138
\everyMPtoPDFconversion=\toks41
) (/usr/share/texlive/texmf-dist/tex/generic/oberdiek/pdftexcmds.sty
Package: pdftexcmds 2011/11/29 v0.20 Utility functions of pdfTeX for LuaTeX (HO
)

(/usr/share/texlive/texmf-dist/tex/generic/oberdiek/ifluatex.sty
Package: ifluatex 2010/03/01 v1.3 Provides the ifluatex switch (HO)
Package ifluatex Info: LuaTeX not detected.
)
Package pdftexcmds Info: LuaTeX not detected.
Package pdftexcmds Info: \pdf@primitive is available.
Package pdftexcmds Info: \pdf@ifprimitive is available.
Package pdftexcmds Info: \pdfdraftmode found.
)
(/usr/share/texlive/texmf-dist/tex/latex/oberdiek/epstopdf-base.sty
Package: epstopdf-base 2010/02/09 v2.5 Base part for package epstopdf

(/usr/share/texlive/texmf-dist/tex/latex/oberdiek/grfext.sty
Package: grfext 2010/08/19 v1.1 Manage graphics extensions (HO)

(/usr/share/texlive/texmf-dist/tex/generic/oberdiek/kvdefinekeys.sty
Package: kvdefinekeys 2011/04/07 v1.3 Define keys (HO)
))
(/usr/share/texlive/texmf-dist/tex/latex/oberdiek/kvoptions.sty
Package: kvoptions 2011/06/30 v3.11 Key value format for package options (HO)

(/usr/share/texlive/texmf-dist/tex/generic/oberdiek/kvsetkeys.sty
Package: kvsetkeys 2012/04/25 v1.16 Key value parser (HO)

(/usr/share/texlive/texmf-dist/tex/generic/oberdiek/etexcmds.sty
Package: etexcmds 2011/02/16 v1.5 Avoid name clashes with e-TeX commands (HO)
Package etexcmds Info: Could not find \expanded.
(etexcmds)             That can mean that you are not using pdfTeX 1.50 or
(etexcmds)             that some package has redefined \expanded.
(etexcmds)             In the latter case, load this package earlier.
)))
Package grfext Info: Graphics extension search list:
(grfext)             [.png,.pdf,.jpg,.mps,.jpeg,.jbig2,.jb2,.PNG,.PDF,.JPG,.JPE
G,.JBIG2,.JB2,.eps]
(grfext)             \AppendGraphicsExtensions on input line 452.

(/usr/share/texlive/texmf-dist/tex/latex/latexconfig/epstopdf-sys.cfg
File: epstopdf-sys.cfg 2010/07/13 v1.3 Configuration of (r)epstopdf for TeX Liv
e
))
ABD: EveryShipout initializing macros
Package caption Info: Begin \AtBeginDocument code.
Package caption Info: float package is loaded.
Package caption Info: End \AtBeginDocument code.

*geometry* driver: auto-detecting
*geometry* detected driver: pdftex
*geometry* verbose mode - [ preamble ] result:
* driver: pdftex
* paper: <default>
* layout: <same size as paper>
* layoutoffset:(h,v)=(0.0pt,0.0pt)
* modes: 
* h-part:(L,W,R)=(85.35826pt, 443.57848pt, 85.35826pt)
* v-part:(T,H,B)=(85.35826pt, 624.25346pt, 85.35826pt)
* \paperwidth=614.295pt
* \paperheight=794.96999pt
* \textwidth=443.57848pt
* \textheight=624.25346pt
* \oddsidemargin=13.08827pt
* \evensidemargin=13.08827pt
* \topmargin=-23.91173pt
* \headheight=12.0pt
* \headsep=25.0pt
* \topskip=10.0pt
* \footskip=30.0pt
* \marginparwidth=65.0pt
* \marginparsep=11.0pt
* \columnsep=10.0pt
* \skip\footins=9.0pt plus 4.0pt minus 2.0pt
* \hoffset=0.0pt
* \voffset=0.0pt
* \mag=1000
* \@twocolumnfalse
* \@twosidefalse
* \@mparswitchfalse
* \@reversemarginfalse
* (1in=72.27pt=25.4mm, 1cm=28.453pt)

LaTeX Font Info:    Try loading font information for U+msa on input line 40.
(/usr/share/texlive/texmf-dist/tex/latex/amsfonts/umsa.fd
File: umsa.fd 2013/01/14 v3.01 AMS symbols A
)
LaTeX Font Info:    Try loading font information for U+msb on input line 40.

(/usr/share/texlive/texmf-dist/tex/latex/amsfonts/umsb.fd
File: umsb.fd 2013/01/14 v3.01 AMS symbols B
)
(./Dynamical-Systems.toc [1

{/var/lib/texmf/fonts/map/pdftex/updmap/pdftex.map}])
\tf@toc=\write4
\openout4 = `Dynamical-Systems.toc'.


Underfull \hbox (badness 10000) in paragraph at lines 43--50

 []


Underfull \hbox (badness 10000) in paragraph at lines 50--56

 []


Underfull \hbox (badness 10000) in paragraph at lines 59--66

 []


Underfull \hbox (badness 10000) in paragraph at lines 66--78

 []


Underfull \hbox (badness 10000) in paragraph at lines 66--78

 []

[2] <Fig1.pdf, id=24, 117.87137pt x 107.70439pt>
File: Fig1.pdf Graphic file (type pdf)
 <use Fig1.pdf>
Package pdftex.def Info: Fig1.pdf used on input line 97.
(pdftex.def)             Requested size: 117.87106pt x 107.70412pt.

Overfull \hbox (6.7644pt too wide) in paragraph at lines 89--104
\OT1/cmr/m/n/10 Therefore $[] = [] = 0$ at the fixed points $(0\OML/cmm/m/it/10
 ; \OT1/cmr/m/n/10 0)\OML/cmm/m/it/10 ;  \OT1/cmr/m/n/10 (3\OML/cmm/m/it/10 ; \
OT1/cmr/m/n/10 0)\OML/cmm/m/it/10 ;  \OT1/cmr/m/n/10 (0\OML/cmm/m/it/10 ; \OT1/
cmr/m/n/10 2)$. This gives the phase por-trait/diagram/plane[] 
 []


Underfull \hbox (badness 10000) in paragraph at lines 110--120

 []

<Fig4.pdf, id=25, 241.62671pt x 206.35895pt>
File: Fig4.pdf Graphic file (type pdf)
 <use Fig4.pdf>
Package pdftex.def Info: Fig4.pdf used on input line 138.
(pdftex.def)             Requested size: 241.62611pt x 206.35844pt.
 [3 <./Fig1.pdf>]
<fig2.png, id=37, 1349.04pt x 770.88pt>
File: fig2.png Graphic file (type png)
 <use fig2.png>
Package pdftex.def Info: fig2.png used on input line 155.
(pdftex.def)             Requested size: 199.15665pt x 113.80379pt.

Underfull \hbox (badness 10000) in paragraph at lines 140--156

 []


Underfull \hbox (badness 10000) in paragraph at lines 170--176

 []

[4 <./Fig4.pdf> <./fig2.png>]
Underfull \hbox (badness 10000) in paragraph at lines 176--182

 []


Underfull \hbox (badness 10000) in paragraph at lines 194--205

 []


Underfull \hbox (badness 10000) in paragraph at lines 206--214

 []


Underfull \hbox (badness 10000) in paragraph at lines 206--214

 []


Underfull \hbox (badness 10000) in paragraph at lines 217--226

 []


Underfull \hbox (badness 10000) in paragraph at lines 217--226

 []

[5]
Underfull \hbox (badness 10000) in paragraph at lines 235--238

 []


Underfull \hbox (badness 10000) in paragraph at lines 239--254

 []


Underfull \hbox (badness 10000) in paragraph at lines 239--254

 []


Underfull \hbox (badness 10000) in paragraph at lines 269--278

 []

<fig3.png, id=55, 1281.78876pt x 1483.5425pt>
File: fig3.png Graphic file (type png)
 <use fig3.png>
Package pdftex.def Info: fig3.png used on input line 318.
(pdftex.def)             Requested size: 113.81088pt x 170.70566pt.

Underfull \hbox (badness 10000) in paragraph at lines 278--319

 []


Underfull \hbox (badness 10000) in paragraph at lines 278--319

 []


Underfull \hbox (badness 10000) in paragraph at lines 278--319

 []


Underfull \hbox (badness 10000) in paragraph at lines 278--319

 []


Underfull \hbox (badness 10000) in paragraph at lines 278--319

 []

[6]
Underfull \hbox (badness 10000) in paragraph at lines 322--329

 []

<Fig5.pdf, id=60, 76.29001pt x 72.81403pt>
File: Fig5.pdf Graphic file (type pdf)
 <use Fig5.pdf>
Package pdftex.def Info: Fig5.pdf used on input line 340.
(pdftex.def)             Requested size: 76.2898pt x 72.81383pt.

Underfull \hbox (badness 10000) in paragraph at lines 330--355

 []

[7 <./fig3.png> <./Fig5.pdf>]
Underfull \hbox (badness 10000) in paragraph at lines 357--361

 []

LaTeX Font Info:    Try loading font information for OMS+cmr on input line 362.

(/usr/share/texlive/texmf-dist/tex/latex/base/omscmr.fd
File: omscmr.fd 1999/05/25 v2.5h Standard LaTeX font definitions
)
LaTeX Font Info:    Font shape `OMS/cmr/m/n' in size <10> not available
(Font)              Font shape `OMS/cmsy/m/n' tried instead on input line 362.

Underfull \hbox (badness 10000) in paragraph at lines 365--373

 []


Underfull \hbox (badness 10000) in paragraph at lines 374--376

 []


Underfull \hbox (badness 10000) in paragraph at lines 377--380

 []


Underfull \hbox (badness 10000) in paragraph at lines 385--392

 []


Underfull \hbox (badness 10000) in paragraph at lines 385--392

 []

<Fig6.pdf, id=67, 81.2114pt x 81.2345pt>
File: Fig6.pdf Graphic file (type pdf)
 <use Fig6.pdf>
Package pdftex.def Info: Fig6.pdf used on input line 403.
(pdftex.def)             Requested size: 81.21118pt x 81.23428pt.
 [8]
<Fig7.pdf, id=72, 74.77737pt x 74.77737pt>
File: Fig7.pdf Graphic file (type pdf)
 <use Fig7.pdf>
Package pdftex.def Info: Fig7.pdf used on input line 417.
(pdftex.def)             Requested size: 74.77718pt x 74.77718pt.

Underfull \hbox (badness 10000) in paragraph at lines 414--427

 []

<Fig8.pdf, id=73, 74.77737pt x 74.77737pt>
File: Fig8.pdf Graphic file (type pdf)
 <use Fig8.pdf>
Package pdftex.def Info: Fig8.pdf used on input line 430.
(pdftex.def)             Requested size: 74.77718pt x 74.77718pt.

Underfull \hbox (badness 10000) in paragraph at lines 427--441

 []

<Fig9.pdf, id=74, 135.0395pt x 69.87906pt>
File: Fig9.pdf Graphic file (type pdf)
 <use Fig9.pdf>
Package pdftex.def Info: Fig9.pdf used on input line 445.
(pdftex.def)             Requested size: 135.03917pt x 69.87888pt.

Overfull \hbox (5.88208pt too wide) in paragraph at lines 441--456
[]$ $[]$ $[]$ 
 []


Underfull \hbox (badness 10000) in paragraph at lines 441--456

 []


Underfull \hbox (badness 10000) in paragraph at lines 458--461

 []

<Fig10.pdf, id=75, 57.70558pt x 57.70558pt>
File: Fig10.pdf Graphic file (type pdf)
 <use Fig10.pdf>
Package pdftex.def Info: Fig10.pdf used on input line 468.
(pdftex.def)             Requested size: 57.70543pt x 57.70543pt.

<Fig11.pdf, id=76, 57.70558pt x 97.03452pt>
File: Fig11.pdf Graphic file (type pdf)
 <use Fig11.pdf>
Package pdftex.def Info: Fig11.pdf used on input line 478.
(pdftex.def)             Requested size: 57.70543pt x 97.03427pt.
 [9 <./Fig6.pdf> <./Fig7.pdf> <./Fig8.pdf> <./Fig9.pdf>]
<Fig12.pdf, id=90, 57.47372pt x 57.67848pt>
File: Fig12.pdf Graphic file (type pdf)
 <use Fig12.pdf>
Package pdftex.def Info: Fig12.pdf used on input line 486.
(pdftex.def)             Requested size: 57.47356pt x 57.67833pt.

Underfull \hbox (badness 10000) in paragraph at lines 483--493

 []

<Fig13.pdf, id=91, 80.46762pt x 57.70558pt>
File: Fig13.pdf Graphic file (type pdf)
 <use Fig13.pdf>
Package pdftex.def Info: Fig13.pdf used on input line 497.
(pdftex.def)             Requested size: 80.4674pt x 57.70543pt.

<Fig14.pdf, id=92, 57.70558pt x 57.70558pt>
File: Fig14.pdf Graphic file (type pdf)
 <use Fig14.pdf>
Package pdftex.def Info: Fig14.pdf used on input line 506.
(pdftex.def)             Requested size: 57.70543pt x 57.70543pt.

<Fig15.pdf, id=93, 441.40308pt x 222.04857pt>
File: Fig15.pdf Graphic file (type pdf)
 <use Fig15.pdf>
Package pdftex.def Info: Fig15.pdf used on input line 516.
(pdftex.def)             Requested size: 441.402pt x 222.04802pt.
 [10 <./Fig10.pdf> <./Fig11.pdf> <./Fig12.pdf> <./Fig13.pdf> <./Fig14.pdf>]
Underfull \hbox (badness 10000) in paragraph at lines 540--571

 []


Underfull \hbox (badness 10000) in paragraph at lines 540--571

 []


Underfull \hbox (badness 10000) in paragraph at lines 540--571

 []


Underfull \hbox (badness 10000) in paragraph at lines 540--571

 []


Underfull \hbox (badness 10000) in paragraph at lines 540--571

 []


Underfull \hbox (badness 10000) in paragraph at lines 540--571

 []

[11 <./Fig15.pdf>] <Fig16.pdf, id=114, 136.0292pt x 107.41731pt>
File: Fig16.pdf Graphic file (type pdf)

<use Fig16.pdf>
Package pdftex.def Info: Fig16.pdf used on input line 578.
(pdftex.def)             Requested size: 136.02885pt x 107.41704pt.

Underfull \hbox (badness 10000) in paragraph at lines 580--582

 []


Underfull \hbox (badness 10000) in paragraph at lines 594--621

 []


Underfull \hbox (badness 10000) in paragraph at lines 594--621

 []


Underfull \hbox (badness 10000) in paragraph at lines 594--621

 []


Underfull \hbox (badness 10000) in paragraph at lines 594--621

 []


Underfull \hbox (badness 10000) in paragraph at lines 594--621

 []

[12 <./Fig16.pdf>]
Underfull \hbox (badness 10000) in paragraph at lines 626--632

 []

<Fig17.pdf, id=126, 57.70558pt x 57.70558pt>
File: Fig17.pdf Graphic file (type pdf)
 <use Fig17.pdf>
Package pdftex.def Info: Fig17.pdf used on input line 653.
(pdftex.def)             Requested size: 57.70543pt x 57.70543pt.

Underfull \hbox (badness 10000) in paragraph at lines 641--662

 []


Underfull \hbox (badness 10000) in paragraph at lines 641--662

 []


Underfull \hbox (badness 10000) in paragraph at lines 641--662

 []


Underfull \hbox (badness 10000) in paragraph at lines 641--662

 []


Underfull \hbox (badness 10000) in paragraph at lines 681--683

 []

[13 <./Fig17.pdf>] <Fig18.pdf, id=132, 159.30014pt x 71.93173pt>
File: Fig18.pdf Graphic file (type pdf)

<use Fig18.pdf>
Package pdftex.def Info: Fig18.pdf used on input line 684.
(pdftex.def)             Requested size: 159.29974pt x 71.93153pt.

Underfull \hbox (badness 10000) in paragraph at lines 692--697

 []


Underfull \hbox (badness 10000) in paragraph at lines 702--708

 []


Underfull \hbox (badness 10000) in paragraph at lines 717--722

 []


Underfull \hbox (badness 10000) in paragraph at lines 717--722

 []

<fig15.png, id=133, 633.36626pt x 569.12625pt>
File: fig15.png Graphic file (type png)
 <use fig15.png>
Package pdftex.def Info: fig15.png used on input line 727.
(pdftex.def)             Requested size: 63.34033pt x 56.91595pt.
File: fig15.png Graphic file (type png)
 <use fig15.png>
Package pdftex.def Info: fig15.png used on input line 734.
(pdftex.def)             Requested size: 63.34033pt x 56.91595pt.

Underfull \hbox (badness 10000) in paragraph at lines 738--746

 []


Underfull \hbox (badness 10000) in paragraph at lines 738--746

 []


Underfull \hbox (badness 10000) in paragraph at lines 738--746

 []

[14 <./Fig18.pdf> <./fig15.png>]
<fig17.png, id=146, 1574.88374pt x 679.53876pt>
File: fig17.png Graphic file (type png)
 <use fig17.png>
Package pdftex.def Info: fig17.png used on input line 747.
(pdftex.def)             Requested size: 236.22237pt x 101.9264pt.

<fig18.png, id=147, 679.53876pt x 561.09625pt>
File: fig18.png Graphic file (type png)
 <use fig18.png>
Package pdftex.def Info: fig18.png used on input line 748.
(pdftex.def)             Requested size: 108.72842pt x 89.77722pt.

<fig19.png, id=148, 688.5725pt x 505.89pt>
File: fig19.png Graphic file (type png)
 <use fig19.png>
Package pdftex.def Info: fig19.png used on input line 752.
(pdftex.def)             Requested size: 110.17384pt x 80.94405pt.

Underfull \hbox (badness 10000) in paragraph at lines 759--761

 []

[15 <./fig17.png> <./fig18.png> <./fig19.png>]
<fig20.png, id=152, 1975.38pt x 820.06375pt>
File: fig20.png Graphic file (type png)
 <use fig20.png>
Package pdftex.def Info: fig20.png used on input line 787.
(pdftex.def)             Requested size: 395.069pt x 164.00984pt.
File: Fig12.pdf Graphic file (type pdf)
 <use Fig12.pdf>
Package pdftex.def Info: Fig12.pdf used on input line 842.
(pdftex.def)             Requested size: 57.47356pt x 57.67833pt.

Underfull \hbox (badness 10000) in paragraph at lines 812--867

 []


Underfull \hbox (badness 10000) in paragraph at lines 812--867

 []


Underfull \hbox (badness 10000) in paragraph at lines 812--867

 []


Underfull \hbox (badness 10000) in paragraph at lines 812--867

 []


Overfull \hbox (47.6656pt too wide) in paragraph at lines 812--867
[] 
 []


Underfull \hbox (badness 10000) in paragraph at lines 812--867

 []


Underfull \hbox (badness 10000) in paragraph at lines 812--867

 []


Underfull \hbox (badness 10000) in paragraph at lines 812--867

 []

[16 <./fig20.png>]
Underfull \hbox (badness 10000) in paragraph at lines 873--886

 []


Underfull \hbox (badness 10000) in paragraph at lines 873--886

 []


Underfull \hbox (badness 10000) in paragraph at lines 873--886

 []


Underfull \hbox (badness 10000) in paragraph at lines 887--896

 []


Underfull \hbox (badness 10000) in paragraph at lines 906--915

 []

[17]
Underfull \hbox (badness 10000) in paragraph at lines 920--929

 []


Underfull \hbox (badness 10000) in paragraph at lines 920--929

 []


Underfull \hbox (badness 10000) in paragraph at lines 934--945

 []


Underfull \hbox (badness 10000) in paragraph at lines 945--967

 []


Underfull \hbox (badness 10000) in paragraph at lines 945--967

 []


Underfull \hbox (badness 10000) in paragraph at lines 945--967

 []


Underfull \hbox (badness 10000) in paragraph at lines 945--967

 []


Underfull \hbox (badness 10000) in paragraph at lines 945--967

 []


Underfull \hbox (badness 10000) in paragraph at lines 984--986

 []

[18]
Underfull \hbox (badness 10000) in paragraph at lines 992--1007

 []


Underfull \hbox (badness 10000) in paragraph at lines 992--1007

 []


Underfull \hbox (badness 10000) in paragraph at lines 1009--1015

 []


Underfull \hbox (badness 10000) in paragraph at lines 1018--1035

 []


Underfull \hbox (badness 10000) in paragraph at lines 1018--1035

 []


Underfull \hbox (badness 10000) in paragraph at lines 1037--1056

 []


Underfull \hbox (badness 10000) in paragraph at lines 1037--1056

 []


Underfull \hbox (badness 10000) in paragraph at lines 1037--1056

 []

[19]
Underfull \hbox (badness 10000) in paragraph at lines 1075--1080

 []


Underfull \hbox (badness 10000) in paragraph at lines 1082--1088

 []


Underfull \hbox (badness 10000) in paragraph at lines 1089--1097

 []


Underfull \hbox (badness 10000) in paragraph at lines 1098--1101

 []


Underfull \hbox (badness 10000) in paragraph at lines 1104--1120

 []


Underfull \hbox (badness 10000) in paragraph at lines 1104--1120

 []

[20]
Underfull \hbox (badness 10000) in paragraph at lines 1135--1145

 []


Underfull \hbox (badness 10000) in paragraph at lines 1135--1145

 []


Underfull \hbox (badness 10000) in paragraph at lines 1152--1172

 []


Underfull \hbox (badness 10000) in paragraph at lines 1152--1172

 []


Underfull \hbox (badness 10000) in paragraph at lines 1152--1172

 []


Underfull \hbox (badness 10000) in paragraph at lines 1152--1172

 []


Underfull \hbox (badness 10000) in paragraph at lines 1175--1180

 []


Underfull \hbox (badness 10000) in paragraph at lines 1181--1190

 []

[21]
Underfull \hbox (badness 10000) in paragraph at lines 1201--1208

 []


Underfull \hbox (badness 10000) in paragraph at lines 1216--1224

 []


Underfull \hbox (badness 10000) in paragraph at lines 1216--1224

 []


Underfull \hbox (badness 10000) in paragraph at lines 1227--1238

 []


Underfull \hbox (badness 10000) in paragraph at lines 1239--1242

 []


Underfull \hbox (badness 10000) in paragraph at lines 1239--1242

 []


Underfull \hbox (badness 10000) in paragraph at lines 1243--1254

 []


Underfull \hbox (badness 10000) in paragraph at lines 1243--1254

 []

[22]
Underfull \hbox (badness 10000) in paragraph at lines 1284--1294

 []


Underfull \hbox (badness 10000) in paragraph at lines 1284--1294

 []


Underfull \hbox (badness 10000) in paragraph at lines 1302--1307

 []


Underfull \hbox (badness 10000) in paragraph at lines 1308--1312

 []

[23]
Underfull \hbox (badness 10000) in paragraph at lines 1323--1332

 []


Underfull \hbox (badness 10000) in paragraph at lines 1333--1348

 []


Underfull \hbox (badness 10000) in paragraph at lines 1333--1348

 []


Underfull \hbox (badness 10000) in paragraph at lines 1333--1348

 []


Underfull \hbox (badness 10000) in paragraph at lines 1349--1366

 []


Underfull \hbox (badness 10000) in paragraph at lines 1349--1366

 []


Underfull \hbox (badness 10000) in paragraph at lines 1368--1382

 []


Underfull \hbox (badness 10000) in paragraph at lines 1368--1382

 []


Underfull \hbox (badness 10000) in paragraph at lines 1368--1382

 []

[24]
Underfull \hbox (badness 10000) in paragraph at lines 1402--1420

 []


Underfull \hbox (badness 10000) in paragraph at lines 1402--1420

 []


Underfull \hbox (badness 10000) in paragraph at lines 1402--1420

 []


Underfull \hbox (badness 10000) in paragraph at lines 1426--1445

 []


Underfull \hbox (badness 10000) in paragraph at lines 1426--1445

 []

[25]
Underfull \hbox (badness 10000) in paragraph at lines 1499--1501

 []

[26]
Underfull \hbox (badness 10000) in paragraph at lines 1510--1525

 []


Underfull \hbox (badness 10000) in paragraph at lines 1529--1541

 []


Underfull \hbox (badness 10000) in paragraph at lines 1529--1541

 []


Underfull \hbox (badness 10000) in paragraph at lines 1543--1559

 []


Underfull \hbox (badness 10000) in paragraph at lines 1543--1559

 []

[27]
Underfull \hbox (badness 10000) in paragraph at lines 1560--1562

 []


Underfull \hbox (badness 10000) in paragraph at lines 1564--1573

 []


Underfull \hbox (badness 10000) in paragraph at lines 1564--1573

 []


Underfull \hbox (badness 10000) in paragraph at lines 1588--1601

 []


Overfull \hbox (33.1168pt too wide) in paragraph at lines 1588--1601
\OT1/cmr/m/n/10 Bifurcations can also oc-cur when there are non-hyperbolic pe-r
i-odic or-bits and when there are homo/heteroclinic
 []


Underfull \hbox (badness 10000) in paragraph at lines 1588--1601

 []


Underfull \hbox (badness 10000) in paragraph at lines 1604--1617

 []


Underfull \hbox (badness 10000) in paragraph at lines 1604--1617

 []


Underfull \hbox (badness 10000) in paragraph at lines 1604--1617

 []


Underfull \hbox (badness 10000) in paragraph at lines 1618--1630

 []

[28]
Underfull \hbox (badness 10000) in paragraph at lines 1633--1643

 []


Overfull \hbox (11.80988pt too wide) in paragraph at lines 1643--1651
\OT1/cmr/m/n/10 For $\OMS/cmsy/m/n/10 j\OML/cmm/b/it/10 x\OMS/cmsy/m/n/10 j ^^\
 \OT1/cmr/m/n/10 1$, $\OML/cmm/m/it/10 y \OMS/cmsy/m/n/10 ^^@ \OML/cmm/m/it/10 
h\OT1/cmr/m/n/10 (\OML/cmm/m/it/10 x\OT1/cmr/m/n/10 )$ tends to zero rapidly li
ke $\OML/cmm/m/it/10 e[]$ \OT1/cmr/m/n/10 and there is then $[]$
 []


Underfull \hbox (badness 10000) in paragraph at lines 1643--1651

 []


Underfull \hbox (badness 10000) in paragraph at lines 1651--1665

 []


Underfull \hbox (badness 10000) in paragraph at lines 1651--1665

 []


Underfull \hbox (badness 10000) in paragraph at lines 1674--1683

 []


Underfull \hbox (badness 10000) in paragraph at lines 1684--1690

 []

[29]
Underfull \hbox (badness 10000) in paragraph at lines 1713--1720

 []


Underfull \hbox (badness 10000) in paragraph at lines 1746--1752

 []

[30]
Underfull \hbox (badness 10000) in paragraph at lines 1814--1815

 []

[31]
Underfull \hbox (badness 10000) in paragraph at lines 1826--1832

 []


Underfull \hbox (badness 10000) in paragraph at lines 1853--1871

 []


Underfull \hbox (badness 10000) in paragraph at lines 1853--1871

 []


Underfull \hbox (badness 10000) in paragraph at lines 1853--1871

 []


Underfull \hbox (badness 10000) in paragraph at lines 1853--1871

 []

[32]
Underfull \hbox (badness 10000) in paragraph at lines 1878--1890

 []


Underfull \hbox (badness 10000) in paragraph at lines 1891--1895

 []

[33]
Underfull \hbox (badness 10000) in paragraph at lines 1953--1960

 []


Underfull \hbox (badness 10000) in paragraph at lines 1972--1981

 []

[34]
Underfull \hbox (badness 10000) in paragraph at lines 2000--2008

 []


Underfull \hbox (badness 10000) in paragraph at lines 2020--2027

 []

[35]
Underfull \hbox (badness 10000) in paragraph at lines 2066--2071

 []


Underfull \hbox (badness 10000) in paragraph at lines 2085--2100

 []


Underfull \hbox (badness 10000) in paragraph at lines 2085--2100

 []

[36]
Underfull \hbox (badness 10000) in paragraph at lines 2110--2146

 []


Underfull \hbox (badness 10000) in paragraph at lines 2110--2146

 []


Underfull \hbox (badness 10000) in paragraph at lines 2110--2146

 []


Underfull \hbox (badness 10000) in paragraph at lines 2110--2146

 []


Underfull \hbox (badness 10000) in paragraph at lines 2110--2146

 []


Underfull \hbox (badness 10000) in paragraph at lines 2110--2146

 []


Underfull \hbox (badness 10000) in paragraph at lines 2110--2146

 []


Underfull \hbox (badness 10000) in paragraph at lines 2149--2156

 []

[37]
Underfull \hbox (badness 10000) in paragraph at lines 2161--2177

 []


Underfull \hbox (badness 10000) in paragraph at lines 2161--2177

 []


Underfull \hbox (badness 10000) in paragraph at lines 2161--2177

 []


Underfull \hbox (badness 10000) in paragraph at lines 2207--2221

 []


Underfull \hbox (badness 10000) in paragraph at lines 2207--2221

 []


Underfull \hbox (badness 10000) in paragraph at lines 2221--2229

 []

[38]
Underfull \hbox (badness 10000) in paragraph at lines 2232--2256

 []


Underfull \hbox (badness 10000) in paragraph at lines 2232--2256

 []


Underfull \hbox (badness 10000) in paragraph at lines 2232--2256

 []


Underfull \hbox (badness 10000) in paragraph at lines 2257--2270

 []


Underfull \hbox (badness 10000) in paragraph at lines 2293--2305

 []

[39]
Underfull \hbox (badness 10000) in paragraph at lines 2305--2321

 []


Underfull \hbox (badness 10000) in paragraph at lines 2305--2321

 []


Underfull \hbox (badness 10000) in paragraph at lines 2390--2399

 []

[40]
Underfull \hbox (badness 10000) in paragraph at lines 2409--2414

 []


Underfull \hbox (badness 10000) in paragraph at lines 2423--2440

 []


Underfull \hbox (badness 10000) in paragraph at lines 2423--2440

 []


Underfull \hbox (badness 10000) in paragraph at lines 2423--2440

 []

[41]
Underfull \hbox (badness 10000) in paragraph at lines 2483--2498

 []

[42] (./Dynamical-Systems.aux) ) 
Here is how much of TeX's memory you used:
 13551 strings out of 493304
 247896 string characters out of 6139871
 315387 words of memory out of 5000000
 16693 multiletter control sequences out of 15000+600000
 18620 words of font info for 69 fonts, out of 8000000 for 9000
 957 hyphenation exceptions out of 8191
 56i,17n,55p,427b,618s stack positions out of 5000i,500n,10000p,200000b,80000s
</usr/share/texlive/texmf-dist/fonts/type1/publ
ic/amsfonts/cm/cmbx10.pfb></usr/share/texlive/texmf-dist/fonts/type1/public/ams
fonts/cm/cmbx12.pfb></usr/share/texlive/texmf-dist/fonts/type1/public/amsfonts/
cm/cmbx7.pfb></usr/share/texlive/texmf-dist/fonts/type1/public/amsfonts/cm/cmex
10.pfb></usr/share/texlive/texmf-dist/fonts/type1/public/amsfonts/cm/cmmi10.pfb
></usr/share/texlive/texmf-dist/fonts/type1/public/amsfonts/cm/cmmi12.pfb></usr
/share/texlive/texmf-dist/fonts/type1/public/amsfonts/cm/cmmi5.pfb></usr/share/
texlive/texmf-dist/fonts/type1/public/amsfonts/cm/cmmi7.pfb></usr/share/texlive
/texmf-dist/fonts/type1/public/amsfonts/cm/cmmi8.pfb></usr/share/texlive/texmf-
dist/fonts/type1/public/amsfonts/cm/cmmib10.pfb></usr/share/texlive/texmf-dist/
fonts/type1/public/amsfonts/cmextra/cmmib7.pfb></usr/share/texlive/texmf-dist/f
onts/type1/public/amsfonts/cm/cmr10.pfb></usr/share/texlive/texmf-dist/fonts/ty
pe1/public/amsfonts/cm/cmr12.pfb></usr/share/texlive/texmf-dist/fonts/type1/pub
lic/amsfonts/cm/cmr17.pfb></usr/share/texlive/texmf-dist/fonts/type1/public/ams
fonts/cm/cmr5.pfb></usr/share/texlive/texmf-dist/fonts/type1/public/amsfonts/cm
/cmr6.pfb></usr/share/texlive/texmf-dist/fonts/type1/public/amsfonts/cm/cmr7.pf
b></usr/share/texlive/texmf-dist/fonts/type1/public/amsfonts/cm/cmr8.pfb></usr/
share/texlive/texmf-dist/fonts/type1/public/amsfonts/cm/cmsy10.pfb></usr/share/
texlive/texmf-dist/fonts/type1/public/amsfonts/cm/cmsy5.pfb></usr/share/texlive
/texmf-dist/fonts/type1/public/amsfonts/cm/cmsy7.pfb></usr/share/texlive/texmf-
dist/fonts/type1/public/amsfonts/cm/cmti10.pfb></usr/share/texlive/texmf-dist/f
onts/type1/public/amsfonts/symbols/msam10.pfb></usr/share/texlive/texmf-dist/fo
nts/type1/public/amsfonts/symbols/msbm10.pfb></usr/share/texlive/texmf-dist/fon
ts/type1/public/amsfonts/symbols/msbm7.pfb>
Output written on Dynamical-Systems.pdf (42 pages, 11013323 bytes).
PDF statistics:
 323 PDF objects out of 1000 (max. 8388607)
 227 compressed objects within 3 object streams
 0 named destinations out of 1000 (max. 500000)
 128 words of extra memory for PDF output out of 10000 (max. 10000000)

